CRITICAL - 2025-03-18 18:05:16 --> syntax error, unexpected token "}", expecting ";"
#0 C:\xampp\htdocs\lab11_ci\ci4\system\Autoloader\Autoloader.php(241): CodeIgniter\Autoloader\Autoloader->includeFile('C:\\xampp\\htdocs...')
#1 C:\xampp\htdocs\lab11_ci\ci4\system\Autoloader\Autoloader.php(219): CodeIgniter\Autoloader\Autoloader->loadInNamespace('App\\Controllers...')
#2 [internal function]: CodeIgniter\Autoloader\Autoloader->loadClass('App\\Controllers...')
#3 C:\xampp\htdocs\lab11_ci\ci4\system\CodeIgniter.php(797): class_exists('\\App\\Controller...', true)
#4 C:\xampp\htdocs\lab11_ci\ci4\system\CodeIgniter.php(406): CodeIgniter\CodeIgniter->startController()
#5 C:\xampp\htdocs\lab11_ci\ci4\system\CodeIgniter.php(326): CodeIgniter\CodeIgniter->handleRequest(NULL, Object(Config\Cache), false)
#6 C:\xampp\htdocs\lab11_ci\ci4\public\index.php(37): CodeIgniter\CodeIgniter->run()
#7 {main}
CRITICAL - 2025-03-18 20:27:36 --> Invalid file: contact.php
#0 C:\xampp\htdocs\lab11_ci\ci4\system\View\View.php(198): CodeIgniter\Exceptions\FrameworkException::forInvalidFile('contact.php')
#1 C:\xampp\htdocs\lab11_ci\ci4\system\Common.php(1089): CodeIgniter\View\View->render('contact', Array, true)
#2 C:\xampp\htdocs\lab11_ci\ci4\app\Controllers\page.php(18): view('contact', Array)
#3 C:\xampp\htdocs\lab11_ci\ci4\system\CodeIgniter.php(832): App\Controllers\Page->contact()
#4 C:\xampp\htdocs\lab11_ci\ci4\system\CodeIgniter.php(419): CodeIgniter\CodeIgniter->runController(Object(App\Controllers\Page))
#5 C:\xampp\htdocs\lab11_ci\ci4\system\CodeIgniter.php(326): CodeIgniter\CodeIgniter->handleRequest(NULL, Object(Config\Cache), false)
#6 C:\xampp\htdocs\lab11_ci\ci4\public\index.php(37): CodeIgniter\CodeIgniter->run()
#7 C:\xampp\htdocs\lab11_ci\ci4\system\Commands\Server\rewrite.php(43): require_once('C:\\xampp\\htdocs...')
#8 {main}
CRITICAL - 2025-03-18 20:36:13 --> Call to a member function move() on null
#0 C:\xampp\htdocs\lab11_ci\ci4\system\CodeIgniter.php(832): App\Controllers\Artikel->add()
#1 C:\xampp\htdocs\lab11_ci\ci4\system\CodeIgniter.php(419): CodeIgniter\CodeIgniter->runController(Object(App\Controllers\Artikel))
#2 C:\xampp\htdocs\lab11_ci\ci4\system\CodeIgniter.php(326): CodeIgniter\CodeIgniter->handleRequest(NULL, Object(Config\Cache), false)
#3 C:\xampp\htdocs\lab11_ci\ci4\public\index.php(37): CodeIgniter\CodeIgniter->run()
#4 C:\xampp\htdocs\lab11_ci\ci4\system\Commands\Server\rewrite.php(43): require_once('C:\\xampp\\htdocs...')
#5 {main}
CRITICAL - 2025-03-18 20:36:33 --> Call to a member function move() on null
#0 C:\xampp\htdocs\lab11_ci\ci4\system\CodeIgniter.php(832): App\Controllers\Artikel->add()
#1 C:\xampp\htdocs\lab11_ci\ci4\system\CodeIgniter.php(419): CodeIgniter\CodeIgniter->runController(Object(App\Controllers\Artikel))
#2 C:\xampp\htdocs\lab11_ci\ci4\system\CodeIgniter.php(326): CodeIgniter\CodeIgniter->handleRequest(NULL, Object(Config\Cache), false)
#3 C:\xampp\htdocs\lab11_ci\ci4\public\index.php(37): CodeIgniter\CodeIgniter->run()
#4 C:\xampp\htdocs\lab11_ci\ci4\system\Commands\Server\rewrite.php(43): require_once('C:\\xampp\\htdocs...')
#5 {main}
CRITICAL - 2025-03-18 20:38:25 --> The original file is not a valid file.
#0 C:\xampp\htdocs\lab11_ci\ci4\system\HTTP\Files\UploadedFile.php(137): CodeIgniter\HTTP\Exceptions\HTTPException::forInvalidFile()
#1 C:\xampp\htdocs\lab11_ci\ci4\app\Controllers\Artikel.php(55): CodeIgniter\HTTP\Files\UploadedFile->move('C:\\xampp\\htdocs...')
#2 C:\xampp\htdocs\lab11_ci\ci4\system\CodeIgniter.php(832): App\Controllers\Artikel->add()
#3 C:\xampp\htdocs\lab11_ci\ci4\system\CodeIgniter.php(419): CodeIgniter\CodeIgniter->runController(Object(App\Controllers\Artikel))
#4 C:\xampp\htdocs\lab11_ci\ci4\system\CodeIgniter.php(326): CodeIgniter\CodeIgniter->handleRequest(NULL, Object(Config\Cache), false)
#5 C:\xampp\htdocs\lab11_ci\ci4\public\index.php(37): CodeIgniter\CodeIgniter->run()
#6 C:\xampp\htdocs\lab11_ci\ci4\system\Commands\Server\rewrite.php(43): require_once('C:\\xampp\\htdocs...')
#7 {main}
CRITICAL - 2025-03-18 20:40:02 --> The original file is not a valid file.
#0 C:\xampp\htdocs\lab11_ci\ci4\system\HTTP\Files\UploadedFile.php(137): CodeIgniter\HTTP\Exceptions\HTTPException::forInvalidFile()
#1 C:\xampp\htdocs\lab11_ci\ci4\app\Controllers\Artikel.php(55): CodeIgniter\HTTP\Files\UploadedFile->move('C:\\xampp\\htdocs...')
#2 C:\xampp\htdocs\lab11_ci\ci4\system\CodeIgniter.php(832): App\Controllers\Artikel->add()
#3 C:\xampp\htdocs\lab11_ci\ci4\system\CodeIgniter.php(419): CodeIgniter\CodeIgniter->runController(Object(App\Controllers\Artikel))
#4 C:\xampp\htdocs\lab11_ci\ci4\system\CodeIgniter.php(326): CodeIgniter\CodeIgniter->handleRequest(NULL, Object(Config\Cache), false)
#5 C:\xampp\htdocs\lab11_ci\ci4\public\index.php(37): CodeIgniter\CodeIgniter->run()
#6 C:\xampp\htdocs\lab11_ci\ci4\system\Commands\Server\rewrite.php(43): require_once('C:\\xampp\\htdocs...')
#7 {main}
CRITICAL - 2025-03-18 20:40:06 --> The original file is not a valid file.
#0 C:\xampp\htdocs\lab11_ci\ci4\system\HTTP\Files\UploadedFile.php(137): CodeIgniter\HTTP\Exceptions\HTTPException::forInvalidFile()
#1 C:\xampp\htdocs\lab11_ci\ci4\app\Controllers\Artikel.php(55): CodeIgniter\HTTP\Files\UploadedFile->move('C:\\xampp\\htdocs...')
#2 C:\xampp\htdocs\lab11_ci\ci4\system\CodeIgniter.php(832): App\Controllers\Artikel->add()
#3 C:\xampp\htdocs\lab11_ci\ci4\system\CodeIgniter.php(419): CodeIgniter\CodeIgniter->runController(Object(App\Controllers\Artikel))
#4 C:\xampp\htdocs\lab11_ci\ci4\system\CodeIgniter.php(326): CodeIgniter\CodeIgniter->handleRequest(NULL, Object(Config\Cache), false)
#5 C:\xampp\htdocs\lab11_ci\ci4\public\index.php(37): CodeIgniter\CodeIgniter->run()
#6 C:\xampp\htdocs\lab11_ci\ci4\system\Commands\Server\rewrite.php(43): require_once('C:\\xampp\\htdocs...')
#7 {main}
CRITICAL - 2025-03-18 20:40:53 --> The original file is not a valid file.
#0 C:\xampp\htdocs\lab11_ci\ci4\system\HTTP\Files\UploadedFile.php(137): CodeIgniter\HTTP\Exceptions\HTTPException::forInvalidFile()
#1 C:\xampp\htdocs\lab11_ci\ci4\app\Controllers\Artikel.php(55): CodeIgniter\HTTP\Files\UploadedFile->move('C:\\xampp\\htdocs...')
#2 C:\xampp\htdocs\lab11_ci\ci4\system\CodeIgniter.php(832): App\Controllers\Artikel->add()
#3 C:\xampp\htdocs\lab11_ci\ci4\system\CodeIgniter.php(419): CodeIgniter\CodeIgniter->runController(Object(App\Controllers\Artikel))
#4 C:\xampp\htdocs\lab11_ci\ci4\system\CodeIgniter.php(326): CodeIgniter\CodeIgniter->handleRequest(NULL, Object(Config\Cache), false)
#5 C:\xampp\htdocs\lab11_ci\ci4\public\index.php(37): CodeIgniter\CodeIgniter->run()
#6 C:\xampp\htdocs\lab11_ci\ci4\system\Commands\Server\rewrite.php(43): require_once('C:\\xampp\\htdocs...')
#7 {main}
CRITICAL - 2025-03-18 20:42:10 --> The original file is not a valid file.
#0 C:\xampp\htdocs\lab11_ci\ci4\system\HTTP\Files\UploadedFile.php(137): CodeIgniter\HTTP\Exceptions\HTTPException::forInvalidFile()
#1 C:\xampp\htdocs\lab11_ci\ci4\app\Controllers\Artikel.php(55): CodeIgniter\HTTP\Files\UploadedFile->move('C:\\xampp\\htdocs...')
#2 C:\xampp\htdocs\lab11_ci\ci4\system\CodeIgniter.php(832): App\Controllers\Artikel->add()
#3 C:\xampp\htdocs\lab11_ci\ci4\system\CodeIgniter.php(419): CodeIgniter\CodeIgniter->runController(Object(App\Controllers\Artikel))
#4 C:\xampp\htdocs\lab11_ci\ci4\system\CodeIgniter.php(326): CodeIgniter\CodeIgniter->handleRequest(NULL, Object(Config\Cache), false)
#5 C:\xampp\htdocs\lab11_ci\ci4\public\index.php(37): CodeIgniter\CodeIgniter->run()
#6 C:\xampp\htdocs\lab11_ci\ci4\system\Commands\Server\rewrite.php(43): require_once('C:\\xampp\\htdocs...')
#7 {main}
CRITICAL - 2025-03-18 20:42:14 --> The original file is not a valid file.
#0 C:\xampp\htdocs\lab11_ci\ci4\system\HTTP\Files\UploadedFile.php(137): CodeIgniter\HTTP\Exceptions\HTTPException::forInvalidFile()
#1 C:\xampp\htdocs\lab11_ci\ci4\app\Controllers\Artikel.php(55): CodeIgniter\HTTP\Files\UploadedFile->move('C:\\xampp\\htdocs...')
#2 C:\xampp\htdocs\lab11_ci\ci4\system\CodeIgniter.php(832): App\Controllers\Artikel->add()
#3 C:\xampp\htdocs\lab11_ci\ci4\system\CodeIgniter.php(419): CodeIgniter\CodeIgniter->runController(Object(App\Controllers\Artikel))
#4 C:\xampp\htdocs\lab11_ci\ci4\system\CodeIgniter.php(326): CodeIgniter\CodeIgniter->handleRequest(NULL, Object(Config\Cache), false)
#5 C:\xampp\htdocs\lab11_ci\ci4\public\index.php(37): CodeIgniter\CodeIgniter->run()
#6 C:\xampp\htdocs\lab11_ci\ci4\system\Commands\Server\rewrite.php(43): require_once('C:\\xampp\\htdocs...')
#7 {main}
